<?xml version="1.0" encoding="UTF-8"?>
<testsuite name="buy a product in the falabella application" tests="8" skipped="0" failures="0" errors="0" timestamp="2022-04-18T22:17:06" hostname="LAPTOP-S0CNG49N" time="226.289">
  <properties/>
  <testcase name="the categories tab is present" classname="buy a product in the falabella application" time="9.177"/>
  <testcase name="the total price in the bag is the corresponding" classname="buy a product in the falabella application" time="41.759"/>
  <testcase name="the total price in the bag is the corresponding" classname="buy a product in the falabella application" time="40.825"/>
  <testcase name="Add quantity of products exceeding the stock" classname="buy a product in the falabella application" time="23.504"/>
  <testcase name="Add quantity of products exceeding the stock" classname="buy a product in the falabella application" time="29.073"/>
  <testcase name="Add quantity of products exceeding the stock" classname="buy a product in the falabella application" time="26.267"/>
  <testcase name="various products in the shopping bag" classname="buy a product in the falabella application" time="45.018"/>
  <testcase name="add a product with random characters" classname="buy a product in the falabella application" time="10.64"/>
  <system-out><![CDATA[]]></system-out>
  <system-err><![CDATA[abr 18, 2022 5:17:07 PM org.openqa.selenium.remote.DesiredCapabilities chrome
INFORMACIÓN: Using `new ChromeOptions()` is preferred to `DesiredCapabilities.chrome()`
Starting ChromeDriver 99.0.4844.51 (d537ec02474b5afe23684e7963d538896c63ac77-refs/branch-heads/4844@{#875}) on port 20766
Only local connections are allowed.
Please see https://chromedriver.chromium.org/security-considerations for suggestions on keeping ChromeDriver safe.
ChromeDriver was started successfully.
[1650320228.995][WARNING]: This version of ChromeDriver has not been tested with Chrome version 100.
abr 18, 2022 5:17:09 PM org.openqa.selenium.remote.ProtocolHandshake createSession
INFORMACIÓN: Detected dialect: W3C
abr 18, 2022 5:17:15 PM org.openqa.selenium.remote.DesiredCapabilities chrome
INFORMACIÓN: Using `new ChromeOptions()` is preferred to `DesiredCapabilities.chrome()`
Starting ChromeDriver 99.0.4844.51 (d537ec02474b5afe23684e7963d538896c63ac77-refs/branch-heads/4844@{#875}) on port 17332
Only local connections are allowed.
Please see https://chromedriver.chromium.org/security-considerations for suggestions on keeping ChromeDriver safe.
ChromeDriver was started successfully.
[1650320237.338][WARNING]: This version of ChromeDriver has not been tested with Chrome version 100.
abr 18, 2022 5:17:17 PM org.openqa.selenium.remote.ProtocolHandshake createSession
INFORMACIÓN: Detected dialect: W3C
abr 18, 2022 5:17:57 PM org.openqa.selenium.remote.DesiredCapabilities chrome
INFORMACIÓN: Using `new ChromeOptions()` is preferred to `DesiredCapabilities.chrome()`
Starting ChromeDriver 99.0.4844.51 (d537ec02474b5afe23684e7963d538896c63ac77-refs/branch-heads/4844@{#875}) on port 19370
Only local connections are allowed.
Please see https://chromedriver.chromium.org/security-considerations for suggestions on keeping ChromeDriver safe.
ChromeDriver was started successfully.
[1650320279.092][WARNING]: This version of ChromeDriver has not been tested with Chrome version 100.
abr 18, 2022 5:17:59 PM org.openqa.selenium.remote.ProtocolHandshake createSession
INFORMACIÓN: Detected dialect: W3C
abr 18, 2022 5:18:38 PM org.openqa.selenium.remote.DesiredCapabilities chrome
INFORMACIÓN: Using `new ChromeOptions()` is preferred to `DesiredCapabilities.chrome()`
Starting ChromeDriver 99.0.4844.51 (d537ec02474b5afe23684e7963d538896c63ac77-refs/branch-heads/4844@{#875}) on port 13013
Only local connections are allowed.
Please see https://chromedriver.chromium.org/security-considerations for suggestions on keeping ChromeDriver safe.
ChromeDriver was started successfully.
[1650320319.729][WARNING]: This version of ChromeDriver has not been tested with Chrome version 100.
abr 18, 2022 5:18:39 PM org.openqa.selenium.remote.ProtocolHandshake createSession
INFORMACIÓN: Detected dialect: W3C
abr 18, 2022 5:19:01 PM org.openqa.selenium.remote.DesiredCapabilities chrome
INFORMACIÓN: Using `new ChromeOptions()` is preferred to `DesiredCapabilities.chrome()`
Starting ChromeDriver 99.0.4844.51 (d537ec02474b5afe23684e7963d538896c63ac77-refs/branch-heads/4844@{#875}) on port 41405
Only local connections are allowed.
Please see https://chromedriver.chromium.org/security-considerations for suggestions on keeping ChromeDriver safe.
ChromeDriver was started successfully.
[1650320343.281][WARNING]: This version of ChromeDriver has not been tested with Chrome version 100.
abr 18, 2022 5:19:03 PM org.openqa.selenium.remote.ProtocolHandshake createSession
INFORMACIÓN: Detected dialect: W3C
abr 18, 2022 5:19:31 PM org.openqa.selenium.remote.DesiredCapabilities chrome
INFORMACIÓN: Using `new ChromeOptions()` is preferred to `DesiredCapabilities.chrome()`
Starting ChromeDriver 99.0.4844.51 (d537ec02474b5afe23684e7963d538896c63ac77-refs/branch-heads/4844@{#875}) on port 11452
Only local connections are allowed.
Please see https://chromedriver.chromium.org/security-considerations for suggestions on keeping ChromeDriver safe.
ChromeDriver was started successfully.
[1650320372.329][WARNING]: This version of ChromeDriver has not been tested with Chrome version 100.
abr 18, 2022 5:19:32 PM org.openqa.selenium.remote.ProtocolHandshake createSession
INFORMACIÓN: Detected dialect: W3C
abr 18, 2022 5:19:57 PM org.openqa.selenium.remote.DesiredCapabilities chrome
INFORMACIÓN: Using `new ChromeOptions()` is preferred to `DesiredCapabilities.chrome()`
Starting ChromeDriver 99.0.4844.51 (d537ec02474b5afe23684e7963d538896c63ac77-refs/branch-heads/4844@{#875}) on port 26998
Only local connections are allowed.
Please see https://chromedriver.chromium.org/security-considerations for suggestions on keeping ChromeDriver safe.
ChromeDriver was started successfully.
[1650320398.661][WARNING]: This version of ChromeDriver has not been tested with Chrome version 100.
abr 18, 2022 5:19:58 PM org.openqa.selenium.remote.ProtocolHandshake createSession
INFORMACIÓN: Detected dialect: W3C
abr 18, 2022 5:20:42 PM org.openqa.selenium.remote.DesiredCapabilities chrome
INFORMACIÓN: Using `new ChromeOptions()` is preferred to `DesiredCapabilities.chrome()`
Starting ChromeDriver 99.0.4844.51 (d537ec02474b5afe23684e7963d538896c63ac77-refs/branch-heads/4844@{#875}) on port 3930
Only local connections are allowed.
Please see https://chromedriver.chromium.org/security-considerations for suggestions on keeping ChromeDriver safe.
ChromeDriver was started successfully.
[1650320443.729][WARNING]: This version of ChromeDriver has not been tested with Chrome version 100.
abr 18, 2022 5:20:43 PM org.openqa.selenium.remote.ProtocolHandshake createSession
INFORMACIÓN: Detected dialect: W3C
]]></system-err>
</testsuite>
